2020-04-28 13:18:42,165 INFO [1547104840231287994]                 Book.java:473  | 1 sheet in D:\Hengky_Sanjaya\OMR\playmypaper\public\scan\1547104840231287994.jpg
2020-04-28 13:18:43,670 INFO []                 Book.java:1660 | Stored /book.xml
2020-04-28 13:18:43,670 INFO []                 Book.java:1613 | Book stored as D:\Hengky_Sanjaya\OMR\playmypaper\output\1547104840231287994\1547104840231287994.omr
2020-04-28 13:18:43,677 INFO []                 Book.java:1327 | Book reaching PAGE on sheets:[#1]
2020-04-28 13:18:43,745 INFO [1547104840231287994]       StepMonitoring.java:93   | LOAD
2020-04-28 13:18:44,403 INFO [1547104840231287994]                 Book.java:1226 | Loaded image 1 1360x1760 from D:\Hengky_Sanjaya\OMR\playmypaper\public\scan\1547104840231287994.jpg
2020-04-28 13:18:44,507 INFO [1547104840231287994]       StepMonitoring.java:93   | BINARY
2020-04-28 13:18:45,250 INFO [1547104840231287994]       StepMonitoring.java:93   | SCALE
2020-04-28 13:18:45,525 INFO [1547104840231287994]         ScaleBuilder.java:557  | Second combo peak too different (116,117,117), ignored
2020-04-28 13:18:45,586 INFO [1547104840231287994]         ScaleBuilder.java:492  | Beam minHeight:4 maxHeight:12 quorum:1168
2020-04-28 13:18:45,627 INFO [1547104840231287994]            ScaleStep.java:84   | Scale{line(2,2,3) interline(12,13,13) beam(7)}
2020-04-28 13:18:45,628 INFO [1547104840231287994]       StepMonitoring.java:93   | GRID
2020-04-28 13:18:48,079 INFO [1547104840231287994]       LinesRetriever.java:447  | Global slope: 0.00000
2020-04-28 13:18:48,422 INFO [1547104840231287994]    ClustersRetriever.java:235  | Retrieved line clusters: 9 of size: 5 with interline: interline(12,13,13)
2020-04-28 13:18:49,268 INFO [1547104840231287994]            PeakGraph.java:177  | Systems: #1[1] #2[2] #3[3] #4[4] #5[5] #6[6] #7[7] #8[8] #9[9]
2020-04-28 13:18:49,968 INFO [1547104840231287994]        SystemManager.java:731  | 1 part along 9 systems
2020-04-28 13:18:50,022 INFO [1547104840231287994]       StepMonitoring.java:93   | HEADERS
2020-04-28 13:18:50,740 INFO [1547104840231287994]      BasicClassifier.java:362  | Classifier loaded XML norms.
2020-04-28 13:18:50,745 INFO [1547104840231287994]   AbstractClassifier.java:348  | Classifier data loaded from default uri file:///D:/Hengky_Sanjaya/OMR/playmypaper/audiveris/res/basic-classifier.zip
2020-04-28 13:18:54,964 INFO [1547104840231287994]       StepMonitoring.java:93   | STEM_SEEDS
2020-04-28 13:18:55,192 INFO [1547104840231287994]        StemSeedsStep.java:93   | stem(2 max:3)
2020-04-28 13:18:55,761 INFO [1547104840231287994]       StepMonitoring.java:93   | BEAMS
2020-04-28 13:18:57,146 INFO [1547104840231287994]       BlackHeadSizer.java:95   | Spots black-head retrieval diameter: 11.7
2020-04-28 13:18:57,254 INFO [1547104840231287994]       BlackHeadSizer.java:243  | Core black head count: 116 blackHead(width:17.0~0.0 height:13.6~0.9)
2020-04-28 13:18:57,275 INFO [1547104840231287994]       BlackHeadSizer.java:248  | MusicFont{name:MusicalSymbols pointSize:57}
2020-04-28 13:18:57,956 INFO [1547104840231287994]            BeamsStep.java:86   | BeamDistance{count:44 mean:9.37 stdDev:1.38}
2020-04-28 13:18:57,958 INFO [1547104840231287994]       StepMonitoring.java:93   | LEDGERS
2020-04-28 13:18:58,513 INFO [1547104840231287994]       StepMonitoring.java:93   | HEADS
2020-04-28 13:19:00,802 INFO [1547104840231287994]       StepMonitoring.java:93   | STEMS
2020-04-28 13:19:01,471 INFO [1547104840231287994]       StepMonitoring.java:93   | REDUCTION
2020-04-28 13:19:01,887 INFO [1547104840231287994]       StepMonitoring.java:93   | CUE_BEAMS
2020-04-28 13:19:01,939 INFO [1547104840231287994]       StepMonitoring.java:93   | TEXTS
2020-04-28 13:19:02,518 WARN [1547104840231287994]       TesseractOrder.java:166  | Could not initialize Tesseract with lang deu+eng+fra
2020-04-28 13:19:02,526 WARN [1547104840231287994]            SheetStub.java:845  | Error in performing [LOAD, BINARY, SCALE, GRID, HEADERS, STEM_SEEDS, BEAMS, LEDGERS, HEADS, STEMS, REDUCTION, CUE_BEAMS, TEXTS, MEASURES, CHORDS, CURVES, SYMBOLS, LINKS, RHYTHMS, PAGE] java.util.concurrent.ExecutionException: java.lang.NullPointerException
java.util.concurrent.ExecutionException: java.lang.NullPointerException
	at java.util.concurrent.FutureTask.report(FutureTask.java:122)
	at java.util.concurrent.FutureTask.get(FutureTask.java:206)
	at org.audiveris.omr.sheet.SheetStub.doOneStep(SheetStub.java:1111)
	at org.audiveris.omr.sheet.SheetStub.reachStep(SheetStub.java:832)
	at org.audiveris.omr.sheet.Book.reachBookStep(Book.java:1393)
	at org.audiveris.omr.sheet.Book.transcribe(Book.java:1718)
	at org.audiveris.omr.sheet.Book.export(Book.java:591)
	at org.audiveris.omr.CLI$ProcessingTask.processBook(CLI.java:447)
	at org.audiveris.omr.CLI$CliTask.call(CLI.java:538)
	at org.audiveris.omr.Main.runBatchTasks(Main.java:312)
	at org.audiveris.omr.Main.main(Main.java:153)
	at Audiveris.main(Audiveris.java:49)
Caused by: java.lang.NullPointerException: null
	at java.util.ArrayList.addAll(ArrayList.java:581)
	at org.audiveris.omr.text.TextsStep.doProlog(TextsStep.java:80)
	at org.audiveris.omr.text.TextsStep.doProlog(TextsStep.java:42)
	at org.audiveris.omr.step.AbstractSystemStep.doit(AbstractSystemStep.java:98)
	at org.audiveris.omr.step.Step.doit(Step.java:184)
	at org.audiveris.omr.sheet.SheetStub$4.call(SheetStub.java:1101)
	at org.audiveris.omr.sheet.SheetStub$4.call(SheetStub.java:1089)
	at java.util.concurrent.FutureTask.run(FutureTask.java:266)
	at java.util.concurrent.ThreadPoolExecutor.runWorker(ThreadPoolExecutor.java:1149)
	at java.util.concurrent.ThreadPoolExecutor$Worker.run(ThreadPoolExecutor.java:624)
	at java.lang.Thread.run(Thread.java:748)
2020-04-28 13:19:02,644 INFO [1547104840231287994]                 Book.java:1451 | Scores built: 1
2020-04-28 13:19:05,098 INFO [1547104840231287994]        ScoreExporter.java:88   | Score 1547104840231287994 exported to D:\Hengky_Sanjaya\OMR\playmypaper\output\1547104840231287994\1547104840231287994.mxl
2020-04-28 13:19:05,352 INFO [1547104840231287994]                 Book.java:1660 | Stored /book.xml
2020-04-28 13:19:05,468 INFO [1547104840231287994]              Picture.java:784  | Stored /sheet#1/BINARY.xml
2020-04-28 13:19:08,470 INFO [1547104840231287994]                Sheet.java:1246 | Stored /sheet#1/sheet#1.xml
2020-04-28 13:19:08,470 INFO [1547104840231287994]                 Book.java:1613 | Book stored as D:\Hengky_Sanjaya\OMR\playmypaper\output\1547104840231287994\1547104840231287994.omr
