2020-04-29 00:13:02,324 INFO [15880505761569980485]                 Book.java:473  | 1 sheet in D:\Hengky_Sanjaya\OMR\playmypaper\public\scan\15880505761569980485.png
2020-04-29 00:13:05,446 INFO []                 Book.java:1660 | Stored /book.xml
2020-04-29 00:13:05,446 INFO []                 Book.java:1613 | Book stored as D:\Hengky_Sanjaya\OMR\playmypaper\public\xml\15880505761569980485\15880505761569980485.omr
2020-04-29 00:13:05,450 INFO []                 Book.java:1327 | Book reaching PAGE on sheets:[#1]
2020-04-29 00:13:05,514 INFO [15880505761569980485]       StepMonitoring.java:93   | LOAD
2020-04-29 00:13:05,983 INFO [15880505761569980485]                 Book.java:1226 | Loaded image 1 1360x1760 from D:\Hengky_Sanjaya\OMR\playmypaper\public\scan\15880505761569980485.png
2020-04-29 00:13:06,055 INFO [15880505761569980485]       StepMonitoring.java:93   | BINARY
2020-04-29 00:13:06,537 INFO [15880505761569980485]       StepMonitoring.java:93   | SCALE
2020-04-29 00:13:06,719 INFO [15880505761569980485]         ScaleBuilder.java:557  | Second combo peak too different (116,117,117), ignored
2020-04-29 00:13:06,764 INFO [15880505761569980485]         ScaleBuilder.java:492  | Beam minHeight:4 maxHeight:12 quorum:1168
2020-04-29 00:13:06,789 INFO [15880505761569980485]            ScaleStep.java:84   | Scale{line(2,2,3) interline(12,13,13) beam(7)}
2020-04-29 00:13:06,790 INFO [15880505761569980485]       StepMonitoring.java:93   | GRID
2020-04-29 00:13:08,320 INFO [15880505761569980485]       LinesRetriever.java:447  | Global slope: 0.00000
2020-04-29 00:13:08,597 INFO [15880505761569980485]    ClustersRetriever.java:235  | Retrieved line clusters: 9 of size: 5 with interline: interline(12,13,13)
2020-04-29 00:13:09,180 INFO [15880505761569980485]            PeakGraph.java:177  | Systems: #1[1] #2[2] #3[3] #4[4] #5[5] #6[6] #7[7] #8[8] #9[9]
2020-04-29 00:13:09,721 INFO [15880505761569980485]        SystemManager.java:731  | 1 part along 9 systems
2020-04-29 00:13:09,770 INFO [15880505761569980485]       StepMonitoring.java:93   | HEADERS
2020-04-29 00:13:10,775 INFO [15880505761569980485]      BasicClassifier.java:362  | Classifier loaded XML norms.
2020-04-29 00:13:10,813 INFO [15880505761569980485]   AbstractClassifier.java:348  | Classifier data loaded from default uri file:///D:/Hengky_Sanjaya/OMR/playmypaper/audiveris/res/basic-classifier.zip
2020-04-29 00:13:13,581 INFO [15880505761569980485]       StepMonitoring.java:93   | STEM_SEEDS
2020-04-29 00:13:13,783 INFO [15880505761569980485]        StemSeedsStep.java:93   | stem(2 max:3)
2020-04-29 00:13:14,186 INFO [15880505761569980485]       StepMonitoring.java:93   | BEAMS
2020-04-29 00:13:15,027 INFO [15880505761569980485]       BlackHeadSizer.java:95   | Spots black-head retrieval diameter: 11.7
2020-04-29 00:13:15,110 INFO [15880505761569980485]       BlackHeadSizer.java:243  | Core black head count: 116 blackHead(width:17.0~0.0 height:13.6~0.9)
2020-04-29 00:13:15,131 INFO [15880505761569980485]       BlackHeadSizer.java:248  | MusicFont{name:MusicalSymbols pointSize:57}
2020-04-29 00:13:15,670 INFO [15880505761569980485]            BeamsStep.java:86   | BeamDistance{count:44 mean:9.37 stdDev:1.38}
2020-04-29 00:13:15,671 INFO [15880505761569980485]       StepMonitoring.java:93   | LEDGERS
2020-04-29 00:13:16,076 INFO [15880505761569980485]       StepMonitoring.java:93   | HEADS
2020-04-29 00:13:17,851 INFO [15880505761569980485]       StepMonitoring.java:93   | STEMS
2020-04-29 00:13:18,440 INFO [15880505761569980485]       StepMonitoring.java:93   | REDUCTION
2020-04-29 00:13:18,788 INFO [15880505761569980485]       StepMonitoring.java:93   | CUE_BEAMS
2020-04-29 00:13:18,837 INFO [15880505761569980485]       StepMonitoring.java:93   | TEXTS
2020-04-29 00:13:19,314 WARN [15880505761569980485]       TesseractOrder.java:166  | Could not initialize Tesseract with lang deu+eng+fra
2020-04-29 00:13:19,320 WARN [15880505761569980485]            SheetStub.java:845  | Error in performing [LOAD, BINARY, SCALE, GRID, HEADERS, STEM_SEEDS, BEAMS, LEDGERS, HEADS, STEMS, REDUCTION, CUE_BEAMS, TEXTS, MEASURES, CHORDS, CURVES, SYMBOLS, LINKS, RHYTHMS, PAGE] java.util.concurrent.ExecutionException: java.lang.NullPointerException
java.util.concurrent.ExecutionException: java.lang.NullPointerException
	at java.util.concurrent.FutureTask.report(FutureTask.java:122)
	at java.util.concurrent.FutureTask.get(FutureTask.java:206)
	at org.audiveris.omr.sheet.SheetStub.doOneStep(SheetStub.java:1111)
	at org.audiveris.omr.sheet.SheetStub.reachStep(SheetStub.java:832)
	at org.audiveris.omr.sheet.Book.reachBookStep(Book.java:1393)
	at org.audiveris.omr.sheet.Book.transcribe(Book.java:1718)
	at org.audiveris.omr.sheet.Book.export(Book.java:591)
	at org.audiveris.omr.CLI$ProcessingTask.processBook(CLI.java:447)
	at org.audiveris.omr.CLI$CliTask.call(CLI.java:538)
	at org.audiveris.omr.Main.runBatchTasks(Main.java:312)
	at org.audiveris.omr.Main.main(Main.java:153)
	at Audiveris.main(Audiveris.java:49)
Caused by: java.lang.NullPointerException: null
	at java.util.ArrayList.addAll(ArrayList.java:581)
	at org.audiveris.omr.text.TextsStep.doProlog(TextsStep.java:80)
	at org.audiveris.omr.text.TextsStep.doProlog(TextsStep.java:42)
	at org.audiveris.omr.step.AbstractSystemStep.doit(AbstractSystemStep.java:98)
	at org.audiveris.omr.step.Step.doit(Step.java:184)
	at org.audiveris.omr.sheet.SheetStub$4.call(SheetStub.java:1101)
	at org.audiveris.omr.sheet.SheetStub$4.call(SheetStub.java:1089)
	at java.util.concurrent.FutureTask.run(FutureTask.java:266)
	at java.util.concurrent.ThreadPoolExecutor.runWorker(ThreadPoolExecutor.java:1149)
	at java.util.concurrent.ThreadPoolExecutor$Worker.run(ThreadPoolExecutor.java:624)
	at java.lang.Thread.run(Thread.java:748)
2020-04-29 00:13:19,429 INFO [15880505761569980485]                 Book.java:1451 | Scores built: 1
2020-04-29 00:13:21,120 INFO [15880505761569980485]        ScoreExporter.java:88   | Score 15880505761569980485 exported to D:\Hengky_Sanjaya\OMR\playmypaper\public\xml\15880505761569980485\15880505761569980485.mxl
2020-04-29 00:13:21,344 INFO [15880505761569980485]                 Book.java:1660 | Stored /book.xml
2020-04-29 00:13:21,510 INFO [15880505761569980485]              Picture.java:784  | Stored /sheet#1/BINARY.xml
2020-04-29 00:13:23,698 INFO [15880505761569980485]                Sheet.java:1246 | Stored /sheet#1/sheet#1.xml
2020-04-29 00:13:23,699 INFO [15880505761569980485]                 Book.java:1613 | Book stored as D:\Hengky_Sanjaya\OMR\playmypaper\public\xml\15880505761569980485\15880505761569980485.omr
