2019-01-10 14:50:49,523 INFO [15471066461363372097]                 Book.java:473  | 2 sheets in /Users/lukicenturi/Sites/playmypaper/public/scan/15471066461363372097.pdf
2019-01-10 14:50:49,685 INFO []                 Book.java:1660 | Stored /book.xml
2019-01-10 14:50:49,686 INFO []                 Book.java:1613 | Book stored as /Users/lukicenturi/Sites/playmypaper/public/xml/15471066461363372097/15471066461363372097.omr
2019-01-10 14:50:49,691 INFO []                 Book.java:1327 | Book reaching PAGE on sheets:[#1#2]
2019-01-10 14:50:49,692 INFO [15471066461363372097#1]       StepMonitoring.java:93   | LOAD
2019-01-10 14:50:50,024 INFO [15471066461363372097#1]                 Book.java:1226 | Loaded image 1 2549x3299 from /Users/lukicenturi/Sites/playmypaper/public/scan/15471066461363372097.pdf
2019-01-10 14:50:50,027 INFO [15471066461363372097#1]       StepMonitoring.java:93   | BINARY
2019-01-10 14:50:50,659 INFO [15471066461363372097#1]       StepMonitoring.java:93   | SCALE
2019-01-10 14:50:50,685 INFO [15471066461363372097#1]         ScaleBuilder.java:557  | Second combo peak too different (150,150,150), ignored
2019-01-10 14:50:50,688 INFO [15471066461363372097#1]         ScaleBuilder.java:492  | Beam minHeight:5 maxHeight:17 quorum:2522
2019-01-10 14:50:50,689 INFO [15471066461363372097#1]            ScaleStep.java:84   | Scale{line(2,3,4) interline(18,19,19) beam(10)}
2019-01-10 14:50:50,690 INFO [15471066461363372097#1]       StepMonitoring.java:93   | GRID
2019-01-10 14:50:51,160 INFO [15471066461363372097#1]       LinesRetriever.java:447  | Global slope: 0.00000
2019-01-10 14:50:51,216 INFO [15471066461363372097#1]    ClustersRetriever.java:235  | Retrieved line clusters: 9 of size: 5 with interline: interline(18,19,19)
2019-01-10 14:50:51,491 INFO [15471066461363372097#1]            PeakGraph.java:177  | Systems: #1[1, 2, 3] #2[4, 5, 6] #3[7, 8, 9]
2019-01-10 14:50:52,027 INFO [15471066461363372097#1]        SystemManager.java:648  | Indentation detected for system#1
2019-01-10 14:50:52,028 INFO [15471066461363372097#1]        SystemManager.java:731  | 2 parts along 3 systems
2019-01-10 14:50:52,029 INFO [15471066461363372097#1]       StepMonitoring.java:93   | HEADERS
2019-01-10 14:50:52,208 INFO [15471066461363372097#1]      BasicClassifier.java:362  | Classifier loaded XML norms.
2019-01-10 14:50:52,212 INFO [15471066461363372097#1]   AbstractClassifier.java:348  | Classifier data loaded from default uri file:///Users/lukicenturi/Sites/playmypaper/audiveris/res/basic-classifier.zip
2019-01-10 14:50:53,298 INFO [15471066461363372097#1]       StepMonitoring.java:93   | STEM_SEEDS
2019-01-10 14:50:53,385 INFO [15471066461363372097#1]        StemSeedsStep.java:93   | stem(2 max:4)
2019-01-10 14:50:53,437 INFO [15471066461363372097#1]       StepMonitoring.java:93   | BEAMS
2019-01-10 14:50:56,498 INFO [15471066461363372097#1]       BlackHeadSizer.java:95   | Spots black-head retrieval diameter: 17.1
2019-01-10 14:50:56,653 INFO [15471066461363372097#1]       BlackHeadSizer.java:243  | Core black head count: 78 blackHead(width:22.8~0.4 height:19.9~1.5)
2019-01-10 14:50:56,654 INFO [15471066461363372097#1]       BlackHeadSizer.java:248  | MusicFont{name:MusicalSymbols pointSize:76}
2019-01-10 14:50:56,849 INFO [15471066461363372097#1]            BeamsStep.java:86   | BeamDistance{count:42 mean:13.04 stdDev:3.54}
2019-01-10 14:50:56,851 INFO [15471066461363372097#1]       StepMonitoring.java:93   | LEDGERS
2019-01-10 14:50:57,360 INFO [15471066461363372097#1]       StepMonitoring.java:93   | HEADS
2019-01-10 14:50:59,687 INFO [15471066461363372097#1]       StepMonitoring.java:93   | STEMS
2019-01-10 14:51:00,492 INFO [15471066461363372097#1]       StepMonitoring.java:93   | REDUCTION
2019-01-10 14:51:00,581 INFO [15471066461363372097#1]       StepMonitoring.java:93   | CUE_BEAMS
2019-01-10 14:51:00,583 INFO [15471066461363372097#1]       StepMonitoring.java:93   | TEXTS
2019-01-10 14:51:04,527 INFO [15471066461363372097#1]       StepMonitoring.java:93   | MEASURES
2019-01-10 14:51:04,534 INFO [15471066461363372097#1]                 Page.java:251  | 12 raw measures: [4 in system#1, 4 in system#2, 4 in system#3]
2019-01-10 14:51:04,534 INFO [15471066461363372097#1]       StepMonitoring.java:93   | CHORDS
2019-01-10 14:51:04,559 INFO [15471066461363372097#1]       StepMonitoring.java:93   | CURVES
2019-01-10 14:51:05,648 INFO [15471066461363372097#1]         SlursBuilder.java:156  | Slurs: 52
2019-01-10 14:51:05,662 INFO [15471066461363372097#1]      SegmentsBuilder.java:110  | Segments: 15
2019-01-10 14:51:05,669 INFO [15471066461363372097#1]       StepMonitoring.java:93   | SYMBOLS
2019-01-10 14:51:06,040 INFO [15471066461363372097#1]       StepMonitoring.java:93   | LINKS
2019-01-10 14:51:06,083 INFO [15471066461363372097#1]       StepMonitoring.java:93   | RHYTHMS
2019-01-10 14:51:06,180 INFO [15471066461363372097#1]       StepMonitoring.java:93   | PAGE
2019-01-10 14:51:06,186 INFO [15471066461363372097#1]            SheetStub.java:974  | Stub#1 storing
2019-01-10 14:51:06,189 INFO [15471066461363372097#1]                 Book.java:1660 | Stored /book.xml
2019-01-10 14:51:06,471 INFO [15471066461363372097#1]              Picture.java:784  | Stored /sheet#1/BINARY.xml
2019-01-10 14:51:07,392 INFO [15471066461363372097#1]                Sheet.java:1246 | Stored /sheet#1/sheet#1.xml
2019-01-10 14:51:07,394 INFO [15471066461363372097#1]            SheetStub.java:979  | Sheet{15471066461363372097#1} disposed
2019-01-10 14:51:07,460 INFO [15471066461363372097#2]       StepMonitoring.java:93   | LOAD
2019-01-10 14:51:07,504 INFO [15471066461363372097#2]                 Book.java:1226 | Loaded image 2 2549x3299 from /Users/lukicenturi/Sites/playmypaper/public/scan/15471066461363372097.pdf
2019-01-10 14:51:07,505 INFO [15471066461363372097#2]       StepMonitoring.java:93   | BINARY
2019-01-10 14:51:08,074 INFO [15471066461363372097#2]       StepMonitoring.java:93   | SCALE
2019-01-10 14:51:08,097 INFO [15471066461363372097#2]         ScaleBuilder.java:557  | Second combo peak too different (175,175,175), ignored
2019-01-10 14:51:08,098 INFO [15471066461363372097#2]         ScaleBuilder.java:492  | Beam minHeight:5 maxHeight:17 quorum:3327
2019-01-10 14:51:08,099 INFO [15471066461363372097#2]            ScaleStep.java:84   | Scale{line(2,3,4) interline(18,19,19) beam(10)}
2019-01-10 14:51:08,099 INFO [15471066461363372097#2]       StepMonitoring.java:93   | GRID
2019-01-10 14:51:08,251 INFO [15471066461363372097#2]       LinesRetriever.java:447  | Global slope: 0.00000
2019-01-10 14:51:08,272 INFO [15471066461363372097#2]    ClustersRetriever.java:235  | Retrieved line clusters: 12 of size: 5 with interline: interline(18,19,19)
2019-01-10 14:51:08,430 INFO [15471066461363372097#2]            PeakGraph.java:177  | Systems: #1[1, 2, 3] #2[4, 5, 6] #3[7, 8, 9] #4[10, 11, 12]
2019-01-10 14:51:08,754 INFO [15471066461363372097#2]        SystemManager.java:731  | 2 parts along 4 systems
2019-01-10 14:51:08,754 INFO [15471066461363372097#2]       StepMonitoring.java:93   | HEADERS
2019-01-10 14:51:09,234 INFO [15471066461363372097#2]       StepMonitoring.java:93   | STEM_SEEDS
2019-01-10 14:51:09,273 INFO [15471066461363372097#2]        StemSeedsStep.java:93   | stem(2 max:3)
2019-01-10 14:51:09,291 INFO [15471066461363372097#2]       StepMonitoring.java:93   | BEAMS
2019-01-10 14:51:12,569 INFO [15471066461363372097#2]       BlackHeadSizer.java:95   | Spots black-head retrieval diameter: 17.1
2019-01-10 14:51:12,757 INFO [15471066461363372097#2]       BlackHeadSizer.java:243  | Core black head count: 96 blackHead(width:22.9~0.6 height:19.8~1.3)
2019-01-10 14:51:12,758 INFO [15471066461363372097#2]       BlackHeadSizer.java:248  | MusicFont{name:MusicalSymbols pointSize:77}
2019-01-10 14:51:12,905 INFO [15471066461363372097#2]            BeamsStep.java:86   | BeamDistance{count:50 mean:12.62 stdDev:4.09}
2019-01-10 14:51:12,906 INFO [15471066461363372097#2]       StepMonitoring.java:93   | LEDGERS
2019-01-10 14:51:13,444 INFO [15471066461363372097#2]       StepMonitoring.java:93   | HEADS
2019-01-10 14:51:16,963 INFO [15471066461363372097#2]       StepMonitoring.java:93   | STEMS
2019-01-10 14:51:17,556 INFO [15471066461363372097#2]       StepMonitoring.java:93   | REDUCTION
2019-01-10 14:51:17,626 INFO [15471066461363372097#2]       StepMonitoring.java:93   | CUE_BEAMS
2019-01-10 14:51:17,628 INFO [15471066461363372097#2]       StepMonitoring.java:93   | TEXTS
2019-01-10 14:51:20,952 INFO [15471066461363372097#2]       StepMonitoring.java:93   | MEASURES
2019-01-10 14:51:20,953 INFO [15471066461363372097#2]                 Page.java:251  | 15 raw measures: [4 in system#1, 4 in system#2, 3 in system#3, 4 in system#4]
2019-01-10 14:51:20,953 INFO [15471066461363372097#2]       StepMonitoring.java:93   | CHORDS
2019-01-10 14:51:20,967 INFO [15471066461363372097#2]       StepMonitoring.java:93   | CURVES
2019-01-10 14:51:21,950 INFO [15471066461363372097#2]         SlursBuilder.java:156  | Slurs: 56
2019-01-10 14:51:21,965 INFO [15471066461363372097#2]      SegmentsBuilder.java:110  | Segments: 21
2019-01-10 14:51:21,967 INFO [15471066461363372097#2]       StepMonitoring.java:93   | SYMBOLS
2019-01-10 14:51:22,503 INFO [15471066461363372097#2]       StepMonitoring.java:93   | LINKS
2019-01-10 14:51:22,504 INFO [15471066461363372097#2]       LyricItemInter.java:296  | No head-chord for LyricItemInter{#4132(0.584) s:1 "rital‘d" Syllable}
2019-01-10 14:51:22,549 INFO [15471066461363372097#2]        SymbolsLinker.java:412  | No chord above PedalInter{#5856(0.494) PEDAL_UP_MARK}
2019-01-10 14:51:22,550 INFO [15471066461363372097#2]        SymbolsLinker.java:412  | No chord above PedalInter{#5858(0.799) PEDAL_UP_MARK}
2019-01-10 14:51:22,563 INFO [15471066461363372097#2]       StepMonitoring.java:93   | RHYTHMS
2019-01-10 14:51:22,629 INFO [15471066461363372097#2]       StepMonitoring.java:93   | PAGE
2019-01-10 14:51:22,632 INFO [15471066461363372097#2]            SheetStub.java:974  | Stub#2 storing
2019-01-10 14:51:22,633 INFO [15471066461363372097#2]                 Book.java:1660 | Stored /book.xml
2019-01-10 14:51:22,962 INFO [15471066461363372097#2]              Picture.java:784  | Stored /sheet#2/BINARY.xml
2019-01-10 14:51:23,990 INFO [15471066461363372097#2]                Sheet.java:1246 | Stored /sheet#2/sheet#2.xml
2019-01-10 14:51:23,995 INFO [15471066461363372097#2]            SheetStub.java:979  | Sheet{15471066461363372097#2} disposed
2019-01-10 14:51:24,674 INFO [15471066461363372097]            SheetStub.java:632  | Loaded /sheet#1/sheet#1.xml
2019-01-10 14:51:25,150 INFO [15471066461363372097]            SheetStub.java:632  | Loaded /sheet#2/sheet#2.xml
2019-01-10 14:51:25,151 INFO [15471066461363372097]                 Book.java:1451 | Scores built: 1
2019-01-10 14:51:26,307 INFO [15471066461363372097]        ScoreExporter.java:88   | Score 15471066461363372097 exported to /Users/lukicenturi/Sites/playmypaper/public/xml/15471066461363372097/15471066461363372097.mxl
2019-01-10 14:51:26,547 INFO [15471066461363372097]                 Book.java:1660 | Stored /book.xml
2019-01-10 14:51:26,548 INFO [15471066461363372097]                 Book.java:1613 | Book stored as /Users/lukicenturi/Sites/playmypaper/public/xml/15471066461363372097/15471066461363372097.omr
