2019-01-04 16:15:05,826 INFO [1546593302788322748]            BasicBook.java:498  | 1 sheet in /Users/lukicenturi/Sites/playmypaper/public/scan/1546593302788322748.jpg
2019-01-04 16:15:05,956 INFO []            BasicBook.java:1502 | Stored /book.xml
2019-01-04 16:15:05,957 INFO []            BasicBook.java:1462 | Book stored as /Users/lukicenturi/Sites/playmypaper/public/xml/1546593302788322748/1546593302788322748.omr
2019-01-04 16:15:05,961 INFO []            BasicBook.java:1113 | Book reaching PAGE on sheets:[#1]
2019-01-04 16:15:05,963 INFO [1546593302788322748]       StepMonitoring.java:96   | LOAD
2019-01-04 16:15:06,021 INFO [1546593302788322748]            BasicBook.java:1028 | Loaded image 1 2450x1954 from /Users/lukicenturi/Sites/playmypaper/public/scan/1546593302788322748.jpg
2019-01-04 16:15:06,026 INFO [1546593302788322748]            BasicBook.java:1502 | Stored /book.xml
2019-01-04 16:15:06,235 INFO [1546593302788322748]           BasicSheet.java:1038 | Stored /sheet#1/sheet#1.xml
2019-01-04 16:15:06,236 INFO [1546593302788322748]       StepMonitoring.java:96   | BINARY
2019-01-04 16:15:06,593 INFO [1546593302788322748]            BasicBook.java:1502 | Stored /book.xml
2019-01-04 16:15:06,847 INFO [1546593302788322748]              Picture.java:797  | Stored /sheet#1/BINARY.xml
2019-01-04 16:15:06,849 INFO [1546593302788322748]           BasicSheet.java:1038 | Stored /sheet#1/sheet#1.xml
2019-01-04 16:15:06,851 INFO [1546593302788322748]       StepMonitoring.java:96   | SCALE
2019-01-04 16:15:06,873 INFO [1546593302788322748]            ScaleStep.java:87   | Scale{line(2,3,4) interline(21,21,22) beam(12)}
2019-01-04 16:15:06,875 INFO [1546593302788322748]            BasicBook.java:1502 | Stored /book.xml
2019-01-04 16:15:06,877 INFO [1546593302788322748]           BasicSheet.java:1038 | Stored /sheet#1/sheet#1.xml
2019-01-04 16:15:06,878 INFO [1546593302788322748]       StepMonitoring.java:96   | GRID
2019-01-04 16:15:07,219 INFO [1546593302788322748]       LinesRetriever.java:444  | Global slope: 0.00749
2019-01-04 16:15:07,253 INFO [1546593302788322748]    ClustersRetriever.java:242  | Retrieved line clusters: 6 of size: 5 with interline: (21,21,22)
2019-01-04 16:15:07,440 INFO [1546593302788322748]            PeakGraph.java:181  | Systems: #1[1, 2] #2[3, 4] #3[5, 6]
2019-01-04 16:15:07,734 INFO [1546593302788322748]        SystemManager.java:662  | Indentation detected for system#1
2019-01-04 16:15:07,734 INFO [1546593302788322748]        SystemManager.java:745  | 1 part along 3 systems
2019-01-04 16:15:07,738 INFO [1546593302788322748]            BasicBook.java:1502 | Stored /book.xml
2019-01-04 16:15:07,852 INFO [1546593302788322748]           BasicSheet.java:1038 | Stored /sheet#1/sheet#1.xml
2019-01-04 16:15:07,854 INFO [1546593302788322748]       StepMonitoring.java:96   | HEADERS
2019-01-04 16:15:08,013 INFO [1546593302788322748]      BasicClassifier.java:391  | Classifier loaded XML norms.
2019-01-04 16:15:08,016 INFO [1546593302788322748]   AbstractClassifier.java:355  | Classifier data loaded from default uri file:///Users/lukicenturi/Sites/playmypaper/audiveris/res/basic-classifier.zip
2019-01-04 16:15:08,883 WARN [1546593302788322748]   AbstractSystemStep.java:201  | S3 java.lang.IllegalArgumentException: no such vertex in graph: KeyAlterInter{#309 REMOVED(0.072/0.072) s:6 p:-3.00 FLAT}
java.lang.IllegalArgumentException: no such vertex in graph: KeyAlterInter{#309 REMOVED(0.072/0.072) s:6 p:-3.00 FLAT}
	at org.jgrapht.graph.AbstractGraph.assertVertexExist(AbstractGraph.java:132)
	at org.jgrapht.graph.AbstractBaseGraph.edgesOf(AbstractBaseGraph.java:338)
	at org.jgrapht.graph.GraphDelegator.edgesOf(GraphDelegator.java:172)
	at org.audiveris.omr.sig.SIGraph.getSupports(SIGraph.java:623)
	at org.audiveris.omr.sig.SIGraph.computeContextualGrade(SIGraph.java:185)
	at org.audiveris.omr.sig.inter.KeyInter.createAdded(KeyInter.java:178)
	at org.audiveris.omr.sheet.header.KeyBuilder$ShapeBuilder.createKeyInter(KeyBuilder.java:1626)
	at org.audiveris.omr.sheet.header.KeyBuilder$ShapeBuilder.checkReplicate(KeyBuilder.java:908)
	at org.audiveris.omr.sheet.header.KeyBuilder.checkReplicate(KeyBuilder.java:520)
	at org.audiveris.omr.sheet.header.KeyColumn.checkSystemSlices(KeyColumn.java:307)
	at org.audiveris.omr.sheet.header.KeyColumn.retrieveKeys(KeyColumn.java:183)
	at org.audiveris.omr.sheet.header.HeaderBuilder.processHeader(HeaderBuilder.java:198)
	at org.audiveris.omr.sheet.header.HeadersStep.doSystem(HeadersStep.java:61)
	at org.audiveris.omr.sheet.header.HeadersStep.doSystem(HeadersStep.java:37)
	at org.audiveris.omr.step.AbstractSystemStep$1.call(AbstractSystemStep.java:199)
	at org.audiveris.omr.step.AbstractSystemStep$1.call(AbstractSystemStep.java:182)
	at org.audiveris.omr.step.AbstractSystemStep.doitPerSystem(AbstractSystemStep.java:220)
	at org.audiveris.omr.step.AbstractSystemStep.doit(AbstractSystemStep.java:106)
	at org.audiveris.omr.step.Step.doit(Step.java:184)
	at org.audiveris.omr.sheet.BasicStub$3.call(BasicStub.java:877)
	at org.audiveris.omr.sheet.BasicStub$3.call(BasicStub.java:865)
	at java.util.concurrent.FutureTask.run(FutureTask.java:266)
	at java.util.concurrent.ThreadPoolExecutor.runWorker(ThreadPoolExecutor.java:1149)
	at java.util.concurrent.ThreadPoolExecutor$Worker.run(ThreadPoolExecutor.java:624)
	at java.lang.Thread.run(Thread.java:748)
2019-01-04 16:15:08,885 INFO [1546593302788322748]            BasicBook.java:1502 | Stored /book.xml
2019-01-04 16:15:09,004 INFO [1546593302788322748]           BasicSheet.java:1038 | Stored /sheet#1/sheet#1.xml
2019-01-04 16:15:09,006 INFO [1546593302788322748]       StepMonitoring.java:96   | STEM_SEEDS
2019-01-04 16:15:09,088 INFO [1546593302788322748]        StemSeedsStep.java:92   | stem(2 max:3)
2019-01-04 16:15:09,137 INFO [1546593302788322748]            BasicBook.java:1502 | Stored /book.xml
2019-01-04 16:15:09,256 INFO [1546593302788322748]           BasicSheet.java:1038 | Stored /sheet#1/sheet#1.xml
2019-01-04 16:15:09,258 INFO [1546593302788322748]       StepMonitoring.java:96   | BEAMS
2019-01-04 16:15:11,565 INFO [1546593302788322748]       BlackHeadSizer.java:99   | Spots black-head retrieval diameter: 18.9
2019-01-04 16:15:11,770 INFO [1546593302788322748]       BlackHeadSizer.java:251  | Core black head count: 32 blackHead(width:24.7~0.5 height:23.4~1.4)
2019-01-04 16:15:11,772 INFO [1546593302788322748]       BlackHeadSizer.java:256  | MusicFont{name:MusicalSymbols pointSize:83}
2019-01-04 16:15:11,981 INFO [1546593302788322748]            BeamsStep.java:89   | BeamDistance{count:57 mean:18.18 stdDev:6.20}
2019-01-04 16:15:11,984 INFO [1546593302788322748]            BasicBook.java:1502 | Stored /book.xml
2019-01-04 16:15:12,037 INFO [1546593302788322748]              Picture.java:797  | Stored /sheet#1/HEAD_SPOTS.xml
2019-01-04 16:15:12,399 INFO [1546593302788322748]           BasicSheet.java:1038 | Stored /sheet#1/sheet#1.xml
2019-01-04 16:15:12,402 INFO [1546593302788322748]       StepMonitoring.java:96   | LEDGERS
2019-01-04 16:15:12,567 INFO [1546593302788322748]            BasicBook.java:1502 | Stored /book.xml
2019-01-04 16:15:12,892 INFO [1546593302788322748]           BasicSheet.java:1038 | Stored /sheet#1/sheet#1.xml
2019-01-04 16:15:12,894 INFO [1546593302788322748]       StepMonitoring.java:96   | HEADS
2019-01-04 16:15:14,552 INFO [1546593302788322748]            BasicBook.java:1502 | Stored /book.xml
2019-01-04 16:15:14,908 INFO [1546593302788322748]           BasicSheet.java:1038 | Stored /sheet#1/sheet#1.xml
2019-01-04 16:15:14,910 INFO [1546593302788322748]       StepMonitoring.java:96   | STEMS
2019-01-04 16:15:15,208 INFO [1546593302788322748]            BasicBook.java:1502 | Stored /book.xml
2019-01-04 16:15:15,636 INFO [1546593302788322748]           BasicSheet.java:1038 | Stored /sheet#1/sheet#1.xml
2019-01-04 16:15:15,638 INFO [1546593302788322748]       StepMonitoring.java:96   | REDUCTION
2019-01-04 16:15:15,734 INFO [1546593302788322748]            BasicBook.java:1502 | Stored /book.xml
2019-01-04 16:15:16,091 INFO [1546593302788322748]           BasicSheet.java:1038 | Stored /sheet#1/sheet#1.xml
2019-01-04 16:15:16,093 INFO [1546593302788322748]       StepMonitoring.java:96   | CUE_BEAMS
2019-01-04 16:15:16,103 INFO [1546593302788322748]            BasicBook.java:1502 | Stored /book.xml
2019-01-04 16:15:16,455 INFO [1546593302788322748]           BasicSheet.java:1038 | Stored /sheet#1/sheet#1.xml
2019-01-04 16:15:16,457 INFO [1546593302788322748]       StepMonitoring.java:96   | TEXTS
2019-01-04 16:15:18,118 INFO [1546593302788322748]            BasicBook.java:1502 | Stored /book.xml
2019-01-04 16:15:18,439 INFO [1546593302788322748]           BasicSheet.java:1038 | Stored /sheet#1/sheet#1.xml
2019-01-04 16:15:18,441 INFO [1546593302788322748]       StepMonitoring.java:96   | MEASURES
2019-01-04 16:15:18,445 INFO [1546593302788322748]                 Page.java:260  | 19 raw measures: [7 in system#1, 6 in system#2, 6 in system#3]
2019-01-04 16:15:18,447 INFO [1546593302788322748]            BasicBook.java:1502 | Stored /book.xml
2019-01-04 16:15:18,774 INFO [1546593302788322748]           BasicSheet.java:1038 | Stored /sheet#1/sheet#1.xml
2019-01-04 16:15:18,776 INFO [1546593302788322748]       StepMonitoring.java:96   | CHORDS
2019-01-04 16:15:18,795 INFO [1546593302788322748]            BasicBook.java:1502 | Stored /book.xml
2019-01-04 16:15:19,141 INFO [1546593302788322748]           BasicSheet.java:1038 | Stored /sheet#1/sheet#1.xml
2019-01-04 16:15:19,142 INFO [1546593302788322748]       StepMonitoring.java:96   | CURVES
2019-01-04 16:15:19,962 INFO [1546593302788322748]         SlursBuilder.java:157  | Slurs: 4
2019-01-04 16:15:19,967 INFO [1546593302788322748]      SegmentsBuilder.java:114  | Segments: 4
2019-01-04 16:15:19,971 INFO [1546593302788322748]            BasicBook.java:1502 | Stored /book.xml
2019-01-04 16:15:20,358 INFO [1546593302788322748]           BasicSheet.java:1038 | Stored /sheet#1/sheet#1.xml
2019-01-04 16:15:20,360 INFO [1546593302788322748]       StepMonitoring.java:96   | SYMBOLS
2019-01-04 16:15:20,530 INFO [1546593302788322748]            BasicBook.java:1502 | Stored /book.xml
2019-01-04 16:15:20,934 INFO [1546593302788322748]           BasicSheet.java:1038 | Stored /sheet#1/sheet#1.xml
2019-01-04 16:15:20,936 INFO [1546593302788322748]       StepMonitoring.java:96   | LINKS
2019-01-04 16:15:20,957 INFO [1546593302788322748]            BasicBook.java:1502 | Stored /book.xml
2019-01-04 16:15:21,361 INFO [1546593302788322748]           BasicSheet.java:1038 | Stored /sheet#1/sheet#1.xml
2019-01-04 16:15:21,363 INFO [1546593302788322748]       StepMonitoring.java:96   | RHYTHMS
2019-01-04 16:15:21,405 INFO [1546593302788322748]           PageRhythm.java:380  | Range{1-19 ts:2/4 dur:1/2} guess:1/2
2019-01-04 16:15:21,426 INFO [1546593302788322748]            BasicBook.java:1502 | Stored /book.xml
2019-01-04 16:15:21,834 INFO [1546593302788322748]           BasicSheet.java:1038 | Stored /sheet#1/sheet#1.xml
2019-01-04 16:15:21,835 INFO [1546593302788322748]       StepMonitoring.java:96   | PAGE
2019-01-04 16:15:21,840 INFO [1546593302788322748]            BasicBook.java:1502 | Stored /book.xml
2019-01-04 16:15:22,245 INFO [1546593302788322748]           BasicSheet.java:1038 | Stored /sheet#1/sheet#1.xml
2019-01-04 16:15:22,247 INFO [1546593302788322748]            BasicStub.java:758  | Sheet{1546593302788322748} disposed
2019-01-04 16:15:22,656 INFO [1546593302788322748]            BasicStub.java:484  | Loaded /sheet#1/sheet#1.xml
2019-01-04 16:15:22,657 INFO [1546593302788322748]            BasicBook.java:1234 | Scores built: 1
2019-01-04 16:15:23,469 WARN [1546593302788322748]      PartwiseBuilder.java:1046 | Cannot process barline
java.lang.IllegalArgumentException: Unknown bar style null
	at org.audiveris.omr.score.MusicXML.barStyleOf(MusicXML.java:117)
	at org.audiveris.omr.score.PartwiseBuilder.processBarline(PartwiseBuilder.java:946)
	at org.audiveris.omr.score.PartwiseBuilder.processMeasure(PartwiseBuilder.java:1735)
	at org.audiveris.omr.score.PartwiseBuilder.processPart(PartwiseBuilder.java:2061)
	at org.audiveris.omr.score.PartwiseBuilder.processSystem(PartwiseBuilder.java:2602)
	at org.audiveris.omr.score.PartwiseBuilder.processLogicalPart(PartwiseBuilder.java:1495)
	at org.audiveris.omr.score.PartwiseBuilder.processStub(PartwiseBuilder.java:2557)
	at org.audiveris.omr.score.PartwiseBuilder.processPartList(PartwiseBuilder.java:2090)
	at org.audiveris.omr.score.PartwiseBuilder.processScore(PartwiseBuilder.java:2269)
	at org.audiveris.omr.score.PartwiseBuilder.build(PartwiseBuilder.java:306)
	at org.audiveris.omr.score.ScoreExporter.export(ScoreExporter.java:117)
	at org.audiveris.omr.score.ScoreExporter.export(ScoreExporter.java:91)
	at org.audiveris.omr.sheet.BasicBook.export(BasicBook.java:660)
	at org.audiveris.omr.CLI$ProcessingTask.processBook(CLI.java:791)
	at org.audiveris.omr.CLI$CliTask.call(CLI.java:350)
	at org.audiveris.omr.Main.runBatchTasks(Main.java:316)
	at org.audiveris.omr.Main.main(Main.java:155)
	at Audiveris.main(Audiveris.java:49)
Caused by: java.lang.NullPointerException: null
	at org.audiveris.omr.score.MusicXML.barStyleOf(MusicXML.java:115)
	... 17 common frames omitted
2019-01-04 16:15:23,470 WARN [1546593302788322748]      PartwiseBuilder.java:1046 | Cannot process barline
java.lang.IllegalArgumentException: Unknown bar style null
	at org.audiveris.omr.score.MusicXML.barStyleOf(MusicXML.java:117)
	at org.audiveris.omr.score.PartwiseBuilder.processBarline(PartwiseBuilder.java:946)
	at org.audiveris.omr.score.PartwiseBuilder.processMeasure(PartwiseBuilder.java:1594)
	at org.audiveris.omr.score.PartwiseBuilder.processPart(PartwiseBuilder.java:2061)
	at org.audiveris.omr.score.PartwiseBuilder.processSystem(PartwiseBuilder.java:2602)
	at org.audiveris.omr.score.PartwiseBuilder.processLogicalPart(PartwiseBuilder.java:1495)
	at org.audiveris.omr.score.PartwiseBuilder.processStub(PartwiseBuilder.java:2557)
	at org.audiveris.omr.score.PartwiseBuilder.processPartList(PartwiseBuilder.java:2090)
	at org.audiveris.omr.score.PartwiseBuilder.processScore(PartwiseBuilder.java:2269)
	at org.audiveris.omr.score.PartwiseBuilder.build(PartwiseBuilder.java:306)
	at org.audiveris.omr.score.ScoreExporter.export(ScoreExporter.java:117)
	at org.audiveris.omr.score.ScoreExporter.export(ScoreExporter.java:91)
	at org.audiveris.omr.sheet.BasicBook.export(BasicBook.java:660)
	at org.audiveris.omr.CLI$ProcessingTask.processBook(CLI.java:791)
	at org.audiveris.omr.CLI$CliTask.call(CLI.java:350)
	at org.audiveris.omr.Main.runBatchTasks(Main.java:316)
	at org.audiveris.omr.Main.main(Main.java:155)
	at Audiveris.main(Audiveris.java:49)
Caused by: java.lang.NullPointerException: null
	at org.audiveris.omr.score.MusicXML.barStyleOf(MusicXML.java:115)
	... 17 common frames omitted
2019-01-04 16:15:23,511 INFO [1546593302788322748]        ScoreExporter.java:93   | Score 1546593302788322748 exported to /Users/lukicenturi/Sites/playmypaper/public/xml/1546593302788322748/1546593302788322748.mxl
2019-01-04 16:15:23,592 INFO [1546593302788322748]            BasicBook.java:1502 | Stored /book.xml
2019-01-04 16:15:23,592 INFO [1546593302788322748]            BasicBook.java:1462 | Book stored as /Users/lukicenturi/Sites/playmypaper/public/xml/1546593302788322748/1546593302788322748.omr
