2019-01-10 14:32:17,748 INFO [1547104840231287994]                 Book.java:473  | 1 sheet in /Users/lukicenturi/Sites/playmypaper/public/scan/1547104840231287994.jpg
2019-01-10 14:32:17,887 INFO []                 Book.java:1660 | Stored /book.xml
2019-01-10 14:32:17,887 INFO []                 Book.java:1613 | Book stored as /Users/lukicenturi/Sites/playmypaper/public/xml/1547104840231287994/1547104840231287994.omr
2019-01-10 14:32:17,892 INFO []                 Book.java:1327 | Book reaching PAGE on sheets:[#1]
2019-01-10 14:32:17,894 INFO [1547104840231287994]       StepMonitoring.java:93   | LOAD
2019-01-10 14:32:17,938 INFO [1547104840231287994]                 Book.java:1226 | Loaded image 1 1360x1760 from /Users/lukicenturi/Sites/playmypaper/public/scan/1547104840231287994.jpg
2019-01-10 14:32:17,940 INFO [1547104840231287994]       StepMonitoring.java:93   | BINARY
2019-01-10 14:32:18,150 INFO [1547104840231287994]       StepMonitoring.java:93   | SCALE
2019-01-10 14:32:18,168 INFO [1547104840231287994]         ScaleBuilder.java:557  | Second combo peak too different (116,117,117), ignored
2019-01-10 14:32:18,171 INFO [1547104840231287994]         ScaleBuilder.java:492  | Beam minHeight:4 maxHeight:12 quorum:1168
2019-01-10 14:32:18,171 INFO [1547104840231287994]            ScaleStep.java:84   | Scale{line(2,2,3) interline(12,13,13) beam(7)}
2019-01-10 14:32:18,172 INFO [1547104840231287994]       StepMonitoring.java:93   | GRID
2019-01-10 14:32:18,583 INFO [1547104840231287994]       LinesRetriever.java:447  | Global slope: 0.00000
2019-01-10 14:32:18,622 INFO [1547104840231287994]    ClustersRetriever.java:235  | Retrieved line clusters: 9 of size: 5 with interline: interline(12,13,13)
2019-01-10 14:32:18,768 INFO [1547104840231287994]            PeakGraph.java:177  | Systems: #1[1] #2[2] #3[3] #4[4] #5[5] #6[6] #7[7] #8[8] #9[9]
2019-01-10 14:32:19,056 INFO [1547104840231287994]        SystemManager.java:731  | 1 part along 9 systems
2019-01-10 14:32:19,058 INFO [1547104840231287994]       StepMonitoring.java:93   | HEADERS
2019-01-10 14:32:19,310 INFO [1547104840231287994]      BasicClassifier.java:362  | Classifier loaded XML norms.
2019-01-10 14:32:19,323 INFO [1547104840231287994]   AbstractClassifier.java:348  | Classifier data loaded from default uri file:///Users/lukicenturi/Sites/audiveris/res/basic-classifier.zip
2019-01-10 14:32:20,561 INFO [1547104840231287994]       StepMonitoring.java:93   | STEM_SEEDS
2019-01-10 14:32:20,621 INFO [1547104840231287994]        StemSeedsStep.java:93   | stem(2 max:3)
2019-01-10 14:32:20,665 INFO [1547104840231287994]       StepMonitoring.java:93   | BEAMS
2019-01-10 14:32:21,314 INFO [1547104840231287994]       BlackHeadSizer.java:95   | Spots black-head retrieval diameter: 11.7
2019-01-10 14:32:21,373 INFO [1547104840231287994]       BlackHeadSizer.java:243  | Core black head count: 116 blackHead(width:17.0~0.0 height:13.6~0.9)
2019-01-10 14:32:21,375 INFO [1547104840231287994]       BlackHeadSizer.java:248  | MusicFont{name:MusicalSymbols pointSize:57}
2019-01-10 14:32:21,590 INFO [1547104840231287994]            BeamsStep.java:86   | BeamDistance{count:44 mean:9.37 stdDev:1.38}
2019-01-10 14:32:21,591 INFO [1547104840231287994]       StepMonitoring.java:93   | LEDGERS
2019-01-10 14:32:21,700 INFO [1547104840231287994]       StepMonitoring.java:93   | HEADS
2019-01-10 14:32:22,746 INFO [1547104840231287994]       StepMonitoring.java:93   | STEMS
2019-01-10 14:32:22,952 INFO [1547104840231287994]       StepMonitoring.java:93   | REDUCTION
2019-01-10 14:32:23,061 INFO [1547104840231287994]       StepMonitoring.java:93   | CUE_BEAMS
2019-01-10 14:32:23,067 INFO [1547104840231287994]       StepMonitoring.java:93   | TEXTS
2019-01-10 14:32:25,940 INFO [1547104840231287994]       StepMonitoring.java:93   | MEASURES
2019-01-10 14:32:25,948 INFO [1547104840231287994]                 Page.java:251  | 39 raw measures: [6 in system#1, 6 in system#2, 5 in system#3, 4 in system#4, 3 in system#5, 3 in system#6, 3 in system#7, 4 in system#8, 5 in system#9]
2019-01-10 14:32:25,948 INFO [1547104840231287994]       StepMonitoring.java:93   | CHORDS
2019-01-10 14:32:25,971 INFO [1547104840231287994]       StepMonitoring.java:93   | CURVES
2019-01-10 14:32:26,372 INFO [1547104840231287994]         SlursBuilder.java:156  | Slurs: 0
2019-01-10 14:32:26,380 INFO [1547104840231287994]      SegmentsBuilder.java:110  | Segments: 9
2019-01-10 14:32:26,386 INFO [1547104840231287994]       StepMonitoring.java:93   | SYMBOLS
2019-01-10 14:32:26,525 INFO [1547104840231287994]       StepMonitoring.java:93   | LINKS
2019-01-10 14:32:26,530 INFO [1547104840231287994]       LyricItemInter.java:296  | No head-chord for LyricItemInter{#3385(0.656) s:2 "13" Syllable}
2019-01-10 14:32:26,532 INFO [1547104840231287994]        SymbolsLinker.java:155  | No chord near direction SentenceInter{#3389(0.656) s:3 S-33 Direction} 13
2019-01-10 14:32:26,532 INFO [1547104840231287994]       LyricItemInter.java:296  | No head-chord for LyricItemInter{#3392(0.713) s:3 "18" Syllable}
2019-01-10 14:32:26,534 INFO [1547104840231287994]        SymbolsLinker.java:155  | No chord near direction SentenceInter{#3396(0.713) s:4 S-33 Direction} 18
2019-01-10 14:32:26,534 INFO [1547104840231287994]       LyricItemInter.java:296  | No head-chord for LyricItemInter{#3399(0.740) s:4 "22" Syllable}
2019-01-10 14:32:26,536 INFO [1547104840231287994]        SymbolsLinker.java:155  | No chord near direction SentenceInter{#3403(0.740) s:5 S-31 Direction} 22
2019-01-10 14:32:26,537 INFO [1547104840231287994]       LyricItemInter.java:296  | No head-chord for LyricItemInter{#3406(0.726) s:5 "25" Syllable}
2019-01-10 14:32:26,541 INFO [1547104840231287994]        SymbolsLinker.java:155  | No chord near direction SentenceInter{#3410(0.726) s:6 S-32 Direction} 25
2019-01-10 14:32:26,541 INFO [1547104840231287994]       LyricItemInter.java:296  | No head-chord for LyricItemInter{#3413(0.718) s:6 "28" Syllable}
2019-01-10 14:32:26,544 INFO [1547104840231287994]        SymbolsLinker.java:155  | No chord near direction SentenceInter{#3417(0.718) s:7 S-32 Direction} 28
2019-01-10 14:32:26,545 INFO [1547104840231287994]       LyricItemInter.java:296  | No head-chord for LyricItemInter{#3420(0.698) s:7 "31" Syllable}
2019-01-10 14:32:26,547 INFO [1547104840231287994]        SymbolsLinker.java:155  | No chord near direction SentenceInter{#3424(0.698) s:8 S-32 Direction} 31
2019-01-10 14:32:26,548 INFO [1547104840231287994]       LyricItemInter.java:296  | No head-chord for LyricItemInter{#3427(0.691) s:8 "35" Syllable}
2019-01-10 14:32:26,550 INFO [1547104840231287994]        SymbolsLinker.java:155  | No chord near direction SentenceInter{#3477(0.691) s:9 S-32 Direction} 35
2019-01-10 14:32:26,553 INFO [1547104840231287994]       StepMonitoring.java:93   | RHYTHMS
2019-01-10 14:32:26,698 INFO [1547104840231287994]       StepMonitoring.java:93   | PAGE
2019-01-10 14:32:26,703 INFO [1547104840231287994]            SheetStub.java:974  | Stub#1 storing
2019-01-10 14:32:26,706 INFO [1547104840231287994]                 Book.java:1660 | Stored /book.xml
2019-01-10 14:32:26,845 INFO [1547104840231287994]              Picture.java:784  | Stored /sheet#1/BINARY.xml
2019-01-10 14:32:27,539 INFO [1547104840231287994]                Sheet.java:1246 | Stored /sheet#1/sheet#1.xml
2019-01-10 14:32:27,541 INFO [1547104840231287994]            SheetStub.java:979  | Sheet{1547104840231287994} disposed
2019-01-10 14:32:27,914 INFO [1547104840231287994]            SheetStub.java:632  | Loaded /sheet#1/sheet#1.xml
2019-01-10 14:32:27,915 INFO [1547104840231287994]                 Book.java:1451 | Scores built: 1
2019-01-10 14:32:28,860 INFO [1547104840231287994]        ScoreExporter.java:88   | Score 1547104840231287994 exported to /Users/lukicenturi/Sites/playmypaper/public/xml/1547104840231287994/1547104840231287994.mxl
2019-01-10 14:32:28,939 INFO [1547104840231287994]                 Book.java:1660 | Stored /book.xml
2019-01-10 14:32:28,940 INFO [1547104840231287994]                 Book.java:1613 | Book stored as /Users/lukicenturi/Sites/playmypaper/public/xml/1547104840231287994/1547104840231287994.omr
